<?xml version="1.0" encoding="UTF-8"?>
<testng-results ignored="0" total="1" passed="1" failed="0" skipped="0">
  <reporter-output>
  </reporter-output>
  <suite started-at="2022-11-10T22:19:34 IST" name="Default suite" finished-at="2022-11-10T22:19:41 IST" duration-ms="6558">
    <groups>
    </groups>
    <test started-at="2022-11-10T22:19:34 IST" name="Default test" finished-at="2022-11-10T22:19:41 IST" duration-ms="6558">
      <class name="rest.test">
        <test-method signature="getMethod()[pri:0, instance:rest.test@6a400542]" started-at="2022-11-10T22:19:34 IST" name="getMethod" finished-at="2022-11-10T22:19:40 IST" duration-ms="6433" status="PASS">
          <reporter-output>
          </reporter-output>
        </test-method> <!-- getMethod -->
      </class> <!-- rest.test -->
    </test> <!-- Default test -->
  </suite> <!-- Default suite -->
</testng-results>
